nohup: ignoring input
Finished loading heuristics: 14:46:15
Loaded Merlin: 14:46:15
Finished simulation 1000/1000000
Finished simulation 2000/1000000
Finished simulation 3000/1000000
Finished simulation 4000/1000000
Finished simulation 5000/1000000
Finished simulation 6000/1000000
Finished simulation 7000/1000000
Finished simulation 8000/1000000
Finished simulation 9000/1000000
Finished simulation 10000/1000000
Finished simulation 11000/1000000
Finished simulation 12000/1000000
Finished simulation 13000/1000000
Finished simulation 14000/1000000
Finished simulation 15000/1000000
Finished simulation 16000/1000000
Finished simulation 17000/1000000
Finished simulation 18000/1000000
Finished simulation 19000/1000000
Finished simulation 20000/1000000
Finished simulation 21000/1000000
Finished simulation 22000/1000000
Finished simulation 23000/1000000
Finished simulation 24000/1000000
Finished simulation 25000/1000000
Finished simulation 26000/1000000
Finished simulation 27000/1000000
Finished simulation 28000/1000000
Finished simulation 29000/1000000
Finished simulation 30000/1000000
Finished simulation 31000/1000000
Finished simulation 32000/1000000
Finished simulation 33000/1000000
Finished simulation 34000/1000000
Finished simulation 35000/1000000
Finished simulation 36000/1000000
Finished simulation 37000/1000000
Finished simulation 38000/1000000
Finished simulation 39000/1000000
Finished simulation 40000/1000000
Finished simulation 41000/1000000
Finished simulation 42000/1000000
Finished simulation 43000/1000000
Finished simulation 44000/1000000
Finished simulation 45000/1000000
Finished simulation 46000/1000000
Finished simulation 47000/1000000
Finished simulation 48000/1000000
Finished simulation 49000/1000000
Finished simulation 50000/1000000
Finished simulation 51000/1000000
Finished simulation 52000/1000000
Finished simulation 53000/1000000
Finished simulation 54000/1000000
Finished simulation 55000/1000000
Finished simulation 56000/1000000
Finished simulation 57000/1000000
Finished simulation 58000/1000000
Finished simulation 59000/1000000
Finished simulation 60000/1000000
Finished simulation 61000/1000000
Finished simulation 62000/1000000
Finished simulation 63000/1000000
Finished simulation 64000/1000000
Finished simulation 65000/1000000
Finished simulation 66000/1000000
Finished simulation 67000/1000000
Finished simulation 68000/1000000
Finished simulation 69000/1000000
Finished simulation 70000/1000000
Finished simulation 71000/1000000
Finished simulation 72000/1000000
Finished simulation 73000/1000000
Finished simulation 74000/1000000
Finished simulation 75000/1000000
Finished simulation 76000/1000000
Finished simulation 77000/1000000
Finished simulation 78000/1000000
Finished simulation 79000/1000000
Finished simulation 80000/1000000
Finished simulation 81000/1000000
Finished simulation 82000/1000000
Finished simulation 83000/1000000
Finished simulation 84000/1000000
Finished simulation 85000/1000000
Finished simulation 86000/1000000
Finished simulation 87000/1000000
Finished simulation 88000/1000000
Finished simulation 89000/1000000
Finished simulation 90000/1000000
Finished simulation 91000/1000000
Finished simulation 92000/1000000
Finished simulation 93000/1000000
Finished simulation 94000/1000000
Finished simulation 95000/1000000
Finished simulation 96000/1000000
Finished simulation 97000/1000000
Finished simulation 98000/1000000
Finished simulation 99000/1000000
Finished simulation 100000/1000000
Finished simulation 101000/1000000
Finished simulation 102000/1000000
Finished simulation 103000/1000000
Finished simulation 104000/1000000
Finished simulation 105000/1000000
Finished simulation 106000/1000000
Finished simulation 107000/1000000
Finished simulation 108000/1000000
Finished simulation 109000/1000000
Finished simulation 110000/1000000
Finished simulation 111000/1000000
Finished simulation 112000/1000000
Finished simulation 113000/1000000
Finished simulation 114000/1000000
Finished simulation 115000/1000000
Finished simulation 116000/1000000
Finished simulation 117000/1000000
Finished simulation 118000/1000000
Finished simulation 119000/1000000
Finished simulation 120000/1000000
Finished simulation 121000/1000000
Finished simulation 122000/1000000
Finished simulation 123000/1000000
Finished simulation 124000/1000000
Finished simulation 125000/1000000
Finished simulation 126000/1000000
Finished simulation 127000/1000000
Finished simulation 128000/1000000
Finished simulation 129000/1000000
Finished simulation 130000/1000000
Finished simulation 131000/1000000
Finished simulation 132000/1000000
Finished simulation 133000/1000000
Finished simulation 134000/1000000
Finished simulation 135000/1000000
Finished simulation 136000/1000000
Finished simulation 137000/1000000
Finished simulation 138000/1000000
Finished simulation 139000/1000000
Finished simulation 140000/1000000
Finished simulation 141000/1000000
Finished simulation 142000/1000000
Finished simulation 143000/1000000
Finished simulation 144000/1000000
Finished simulation 145000/1000000
Finished simulation 146000/1000000
Finished simulation 147000/1000000
Finished simulation 148000/1000000
Finished simulation 149000/1000000
Finished simulation 150000/1000000
Finished simulation 151000/1000000
Finished simulation 152000/1000000
Finished simulation 153000/1000000
Finished simulation 154000/1000000
Finished simulation 155000/1000000
Finished simulation 156000/1000000
Finished simulation 157000/1000000
Finished simulation 158000/1000000
Finished simulation 159000/1000000
Finished simulation 160000/1000000
Finished simulation 161000/1000000
Finished simulation 162000/1000000
Finished simulation 163000/1000000
Finished simulation 164000/1000000
Finished simulation 165000/1000000
Finished simulation 166000/1000000
Finished simulation 167000/1000000
Finished simulation 168000/1000000
Finished simulation 169000/1000000
Finished simulation 170000/1000000
Finished simulation 171000/1000000
Finished simulation 172000/1000000
Finished simulation 173000/1000000
Finished simulation 174000/1000000
Finished simulation 175000/1000000
Finished simulation 176000/1000000
Finished simulation 177000/1000000
Finished simulation 178000/1000000
Finished simulation 179000/1000000
Finished simulation 180000/1000000
Finished simulation 181000/1000000
Finished simulation 182000/1000000
Finished simulation 183000/1000000
Finished simulation 184000/1000000
Finished simulation 185000/1000000
Finished simulation 186000/1000000
Finished simulation 187000/1000000
Finished simulation 188000/1000000
Finished simulation 189000/1000000
Finished simulation 190000/1000000
Finished simulation 191000/1000000
Finished simulation 192000/1000000
Finished simulation 193000/1000000
Finished simulation 194000/1000000
Finished simulation 195000/1000000
Finished simulation 196000/1000000
Finished simulation 197000/1000000
Finished simulation 198000/1000000
Finished simulation 199000/1000000
Finished simulation 200000/1000000
Finished simulation 201000/1000000
Finished simulation 202000/1000000
Finished simulation 203000/1000000
Finished simulation 204000/1000000
Finished simulation 205000/1000000
Finished simulation 206000/1000000
Finished simulation 207000/1000000
Finished simulation 208000/1000000
Finished simulation 209000/1000000
Finished simulation 210000/1000000
Finished simulation 211000/1000000
Finished simulation 212000/1000000
Finished simulation 213000/1000000
Finished simulation 214000/1000000
Finished simulation 215000/1000000
Finished simulation 216000/1000000
Finished simulation 217000/1000000
Finished simulation 218000/1000000
Finished simulation 219000/1000000
Finished simulation 220000/1000000
Finished simulation 221000/1000000
Finished simulation 222000/1000000
Finished simulation 223000/1000000
Finished simulation 224000/1000000
Finished simulation 225000/1000000
Finished simulation 226000/1000000
Finished simulation 227000/1000000
Finished simulation 228000/1000000
Finished simulation 229000/1000000
Finished simulation 230000/1000000
Finished simulation 231000/1000000
Finished simulation 232000/1000000
Finished simulation 233000/1000000
Finished simulation 234000/1000000
Finished simulation 235000/1000000
Finished simulation 236000/1000000
Finished simulation 237000/1000000
Finished simulation 238000/1000000
Finished simulation 239000/1000000
Finished simulation 240000/1000000
Finished simulation 241000/1000000
Finished simulation 242000/1000000
Finished simulation 243000/1000000
Finished simulation 244000/1000000
Finished simulation 245000/1000000
Finished simulation 246000/1000000
Finished simulation 247000/1000000
Finished simulation 248000/1000000
Finished simulation 249000/1000000
Finished simulation 250000/1000000
Finished simulation 251000/1000000
Finished simulation 252000/1000000
Finished simulation 253000/1000000
Finished simulation 254000/1000000
Finished simulation 255000/1000000
Finished simulation 256000/1000000
Finished simulation 257000/1000000
Finished simulation 258000/1000000
Finished simulation 259000/1000000
Finished simulation 260000/1000000
Finished simulation 261000/1000000
Finished simulation 262000/1000000
Finished simulation 263000/1000000
Finished simulation 264000/1000000
Finished simulation 265000/1000000
Finished simulation 266000/1000000
Finished simulation 267000/1000000
Finished simulation 268000/1000000
Finished simulation 269000/1000000
Finished simulation 270000/1000000
Finished simulation 271000/1000000
Finished simulation 272000/1000000
Finished simulation 273000/1000000
Finished simulation 274000/1000000
Finished simulation 275000/1000000
Finished simulation 276000/1000000
Finished simulation 277000/1000000
Finished simulation 278000/1000000
Finished simulation 279000/1000000
Finished simulation 280000/1000000
Finished simulation 281000/1000000
Finished simulation 282000/1000000
Finished simulation 283000/1000000
Finished simulation 284000/1000000
Finished simulation 285000/1000000
Finished simulation 286000/1000000
Finished simulation 287000/1000000
Finished simulation 288000/1000000
Finished simulation 289000/1000000
Finished simulation 290000/1000000
Finished simulation 291000/1000000
Finished simulation 292000/1000000
Finished simulation 293000/1000000
Finished simulation 294000/1000000
Finished simulation 295000/1000000
Finished simulation 296000/1000000
Finished simulation 297000/1000000
Finished simulation 298000/1000000
Finished simulation 299000/1000000
Finished simulation 300000/1000000
Finished simulation 301000/1000000
Finished simulation 302000/1000000
Finished simulation 303000/1000000
Finished simulation 304000/1000000
Finished simulation 305000/1000000
Finished simulation 306000/1000000
Finished simulation 307000/1000000
Finished simulation 308000/1000000
Finished simulation 309000/1000000
Finished simulation 310000/1000000
Finished simulation 311000/1000000
Finished simulation 312000/1000000
Finished simulation 313000/1000000
Finished simulation 314000/1000000
Finished simulation 315000/1000000
Finished simulation 316000/1000000
Finished simulation 317000/1000000
Finished simulation 318000/1000000
Finished simulation 319000/1000000
Finished simulation 320000/1000000
Finished simulation 321000/1000000
Finished simulation 322000/1000000
Finished simulation 323000/1000000
Finished simulation 324000/1000000
Finished simulation 325000/1000000
Finished simulation 326000/1000000
Finished simulation 327000/1000000
Finished simulation 328000/1000000
Finished simulation 329000/1000000
Finished simulation 330000/1000000
Finished simulation 331000/1000000
Finished simulation 332000/1000000
Finished simulation 333000/1000000
Finished simulation 334000/1000000
Finished simulation 335000/1000000
Finished simulation 336000/1000000
Finished simulation 337000/1000000
Finished simulation 338000/1000000
Finished simulation 339000/1000000
Finished simulation 340000/1000000
Finished simulation 341000/1000000
Finished simulation 342000/1000000
Finished simulation 343000/1000000
Finished simulation 344000/1000000
Finished simulation 345000/1000000
Finished simulation 346000/1000000
Finished simulation 347000/1000000
Finished simulation 348000/1000000
Finished simulation 349000/1000000
Finished simulation 350000/1000000
Finished simulation 351000/1000000
Finished simulation 352000/1000000
Finished simulation 353000/1000000
Finished simulation 354000/1000000
Finished simulation 355000/1000000
Finished simulation 356000/1000000
Finished simulation 357000/1000000
Finished simulation 358000/1000000
Finished simulation 359000/1000000
Finished simulation 360000/1000000
Finished simulation 361000/1000000
Finished simulation 362000/1000000
Finished simulation 363000/1000000
Finished simulation 364000/1000000
Finished simulation 365000/1000000
Finished simulation 366000/1000000
Finished simulation 367000/1000000
Finished simulation 368000/1000000
Finished simulation 369000/1000000
Finished simulation 370000/1000000
Finished simulation 371000/1000000
Finished simulation 372000/1000000
Finished simulation 373000/1000000
Finished simulation 374000/1000000
Finished simulation 375000/1000000
Finished simulation 376000/1000000
Finished simulation 377000/1000000
Finished simulation 378000/1000000
Finished simulation 379000/1000000
Finished simulation 380000/1000000
Finished simulation 381000/1000000
Finished simulation 382000/1000000
Finished simulation 383000/1000000
Finished simulation 384000/1000000
Finished simulation 385000/1000000
Finished simulation 386000/1000000
Finished simulation 387000/1000000
Finished simulation 388000/1000000
Finished simulation 389000/1000000
Finished simulation 390000/1000000
Finished simulation 391000/1000000
Finished simulation 392000/1000000
Finished simulation 393000/1000000
Finished simulation 394000/1000000
Finished simulation 395000/1000000
Finished simulation 396000/1000000
Finished simulation 397000/1000000
Finished simulation 398000/1000000
Finished simulation 399000/1000000
Finished simulation 400000/1000000
Finished simulation 401000/1000000
Finished simulation 402000/1000000
Finished simulation 403000/1000000
Finished simulation 404000/1000000
Finished simulation 405000/1000000
Finished simulation 406000/1000000
Finished simulation 407000/1000000
Finished simulation 408000/1000000
Finished simulation 409000/1000000
Finished simulation 410000/1000000
Finished simulation 411000/1000000
Finished simulation 412000/1000000
Finished simulation 413000/1000000
Finished simulation 414000/1000000
Finished simulation 415000/1000000
Finished simulation 416000/1000000
Finished simulation 417000/1000000
Finished simulation 418000/1000000
Finished simulation 419000/1000000
Finished simulation 420000/1000000
Finished simulation 421000/1000000
Finished simulation 422000/1000000
Finished simulation 423000/1000000
Finished simulation 424000/1000000
Finished simulation 425000/1000000
Finished simulation 426000/1000000
Finished simulation 427000/1000000
Finished simulation 428000/1000000
Finished simulation 429000/1000000
Finished simulation 430000/1000000
Finished simulation 431000/1000000
Finished simulation 432000/1000000
Finished simulation 433000/1000000
Finished simulation 434000/1000000
Finished simulation 435000/1000000
Finished simulation 436000/1000000
Finished simulation 437000/1000000
Finished simulation 438000/1000000
Finished simulation 439000/1000000
Finished simulation 440000/1000000
Finished simulation 441000/1000000
Finished simulation 442000/1000000
Finished simulation 443000/1000000
Finished simulation 444000/1000000
Finished simulation 445000/1000000
Finished simulation 446000/1000000
Finished simulation 447000/1000000
Finished simulation 448000/1000000
Finished simulation 449000/1000000
Finished simulation 450000/1000000
Finished simulation 451000/1000000
Finished simulation 452000/1000000
Finished simulation 453000/1000000
Finished simulation 454000/1000000
Finished simulation 455000/1000000
Finished simulation 456000/1000000
Finished simulation 457000/1000000
Finished simulation 458000/1000000
Finished simulation 459000/1000000
Finished simulation 460000/1000000
Finished simulation 461000/1000000
Finished simulation 462000/1000000
Finished simulation 463000/1000000
Finished simulation 464000/1000000
Finished simulation 465000/1000000
Finished simulation 466000/1000000
Finished simulation 467000/1000000
Finished simulation 468000/1000000
Finished simulation 469000/1000000
Finished simulation 470000/1000000
Finished simulation 471000/1000000
Finished simulation 472000/1000000
Finished simulation 473000/1000000
Finished simulation 474000/1000000
Finished simulation 475000/1000000
Finished simulation 476000/1000000
Finished simulation 477000/1000000
Finished simulation 478000/1000000
Finished simulation 479000/1000000
Finished simulation 480000/1000000
Finished simulation 481000/1000000
Finished simulation 482000/1000000
Finished simulation 483000/1000000
Finished simulation 484000/1000000
Finished simulation 485000/1000000
Finished simulation 486000/1000000
Finished simulation 487000/1000000
Finished simulation 488000/1000000
Finished simulation 489000/1000000
Finished simulation 490000/1000000
Finished simulation 491000/1000000
Finished simulation 492000/1000000
Finished simulation 493000/1000000
Finished simulation 494000/1000000
Finished simulation 495000/1000000
Finished simulation 496000/1000000
Finished simulation 497000/1000000
Finished simulation 498000/1000000
Finished simulation 499000/1000000
Finished simulation 500000/1000000
Finished simulation 501000/1000000
Finished simulation 502000/1000000
Finished simulation 503000/1000000
Finished simulation 504000/1000000
Finished simulation 505000/1000000
Finished simulation 506000/1000000
Finished simulation 507000/1000000
Finished simulation 508000/1000000
Finished simulation 509000/1000000
Finished simulation 510000/1000000
Finished simulation 511000/1000000
Finished simulation 512000/1000000
Finished simulation 513000/1000000
Finished simulation 514000/1000000
Finished simulation 515000/1000000
Finished simulation 516000/1000000
Finished simulation 517000/1000000
Finished simulation 518000/1000000
Finished simulation 519000/1000000
Finished simulation 520000/1000000
Finished simulation 521000/1000000
Finished simulation 522000/1000000
Finished simulation 523000/1000000
Finished simulation 524000/1000000
Finished simulation 525000/1000000
Finished simulation 526000/1000000
Finished simulation 527000/1000000
Finished simulation 528000/1000000
Finished simulation 529000/1000000
Finished simulation 530000/1000000
Finished simulation 531000/1000000
Finished simulation 532000/1000000
Finished simulation 533000/1000000
Finished simulation 534000/1000000
Finished simulation 535000/1000000
Finished simulation 536000/1000000
Finished simulation 537000/1000000
Finished simulation 538000/1000000
Finished simulation 539000/1000000
Finished simulation 540000/1000000
Finished simulation 541000/1000000
Finished simulation 542000/1000000
Finished simulation 543000/1000000
Finished simulation 544000/1000000
Finished simulation 545000/1000000
Finished simulation 546000/1000000
Finished simulation 547000/1000000
Finished simulation 548000/1000000
Finished simulation 549000/1000000
Finished simulation 550000/1000000
Finished simulation 551000/1000000
Finished simulation 552000/1000000
Finished simulation 553000/1000000
Finished simulation 554000/1000000
Finished simulation 555000/1000000
Finished simulation 556000/1000000
Finished simulation 557000/1000000
Finished simulation 558000/1000000
Finished simulation 559000/1000000
Finished simulation 560000/1000000
Finished simulation 561000/1000000
Finished simulation 562000/1000000
Finished simulation 563000/1000000
Finished simulation 564000/1000000
Finished simulation 565000/1000000
Finished simulation 566000/1000000
Finished simulation 567000/1000000
Finished simulation 568000/1000000
Finished simulation 569000/1000000
Finished simulation 570000/1000000
Finished simulation 571000/1000000
Finished simulation 572000/1000000
Finished simulation 573000/1000000
Finished simulation 574000/1000000
Finished simulation 575000/1000000
Finished simulation 576000/1000000
Finished simulation 577000/1000000
Finished simulation 578000/1000000
Finished simulation 579000/1000000
Finished simulation 580000/1000000
Finished simulation 581000/1000000
Finished simulation 582000/1000000
Finished simulation 583000/1000000
Finished simulation 584000/1000000
Finished simulation 585000/1000000
Finished simulation 586000/1000000
Finished simulation 587000/1000000
Finished simulation 588000/1000000
Finished simulation 589000/1000000
Finished simulation 590000/1000000
Finished simulation 591000/1000000
Finished simulation 592000/1000000
Finished simulation 593000/1000000
Finished simulation 594000/1000000
Finished simulation 595000/1000000
Finished simulation 596000/1000000
Finished simulation 597000/1000000
Finished simulation 598000/1000000
Finished simulation 599000/1000000
Finished simulation 600000/1000000
Finished simulation 601000/1000000
Finished simulation 602000/1000000
Finished simulation 603000/1000000
Finished simulation 604000/1000000
Finished simulation 605000/1000000
Finished simulation 606000/1000000
Finished simulation 607000/1000000
Finished simulation 608000/1000000
Finished simulation 609000/1000000
Finished simulation 610000/1000000
Finished simulation 611000/1000000
Finished simulation 612000/1000000
Finished simulation 613000/1000000
Finished simulation 614000/1000000
Finished simulation 615000/1000000
Finished simulation 616000/1000000
Finished simulation 617000/1000000
Finished simulation 618000/1000000
Finished simulation 619000/1000000
Finished simulation 620000/1000000
Finished simulation 621000/1000000
Finished simulation 622000/1000000
Finished simulation 623000/1000000
Finished simulation 624000/1000000
Finished simulation 625000/1000000
Finished simulation 626000/1000000
Finished simulation 627000/1000000
Finished simulation 628000/1000000
Finished simulation 629000/1000000
Finished simulation 630000/1000000
Finished simulation 631000/1000000
Finished simulation 632000/1000000
Finished simulation 633000/1000000
Finished simulation 634000/1000000
Finished simulation 635000/1000000
Finished simulation 636000/1000000
Finished simulation 637000/1000000
Finished simulation 638000/1000000
Finished simulation 639000/1000000
Finished simulation 640000/1000000
Finished simulation 641000/1000000
Finished simulation 642000/1000000
Finished simulation 643000/1000000
Finished simulation 644000/1000000
Finished simulation 645000/1000000
Finished simulation 646000/1000000
Finished simulation 647000/1000000
Finished simulation 648000/1000000
Finished simulation 649000/1000000
Finished simulation 650000/1000000
Finished simulation 651000/1000000
Finished simulation 652000/1000000
Finished simulation 653000/1000000
Finished simulation 654000/1000000
Finished simulation 655000/1000000
Finished simulation 656000/1000000
Finished simulation 657000/1000000
Finished simulation 658000/1000000
Finished simulation 659000/1000000
Finished simulation 660000/1000000
Finished simulation 661000/1000000
Finished simulation 662000/1000000
Finished simulation 663000/1000000
Finished simulation 664000/1000000
Finished simulation 665000/1000000
Finished simulation 666000/1000000
Finished simulation 667000/1000000
Finished simulation 668000/1000000
Finished simulation 669000/1000000
Finished simulation 670000/1000000
Finished simulation 671000/1000000
Finished simulation 672000/1000000
Finished simulation 673000/1000000
Finished simulation 674000/1000000
Finished simulation 675000/1000000
Finished simulation 676000/1000000
Finished simulation 677000/1000000
Finished simulation 678000/1000000
Finished simulation 679000/1000000
Finished simulation 680000/1000000
Finished simulation 681000/1000000
Finished simulation 682000/1000000
Finished simulation 683000/1000000
Finished simulation 684000/1000000
Finished simulation 685000/1000000
Finished simulation 686000/1000000
Finished simulation 687000/1000000
Finished simulation 688000/1000000
Finished simulation 689000/1000000
Finished simulation 690000/1000000
Finished simulation 691000/1000000
Finished simulation 692000/1000000
Finished simulation 693000/1000000
Finished simulation 694000/1000000
Finished simulation 695000/1000000
Finished simulation 696000/1000000
Finished simulation 697000/1000000
Finished simulation 698000/1000000
Finished simulation 699000/1000000
Finished simulation 700000/1000000
Finished simulation 701000/1000000
Finished simulation 702000/1000000
Finished simulation 703000/1000000
Finished simulation 704000/1000000
Finished simulation 705000/1000000
Finished simulation 706000/1000000
Finished simulation 707000/1000000
Finished simulation 708000/1000000
Finished simulation 709000/1000000
Finished simulation 710000/1000000
Finished simulation 711000/1000000
Finished simulation 712000/1000000
Finished simulation 713000/1000000
Finished simulation 714000/1000000
Finished simulation 715000/1000000
Finished simulation 716000/1000000
Finished simulation 717000/1000000
Finished simulation 718000/1000000
Finished simulation 719000/1000000
Finished simulation 720000/1000000
Finished simulation 721000/1000000
Finished simulation 722000/1000000
Finished simulation 723000/1000000
Finished simulation 724000/1000000
Finished simulation 725000/1000000
Finished simulation 726000/1000000
Finished simulation 727000/1000000
Finished simulation 728000/1000000
Finished simulation 729000/1000000
Finished simulation 730000/1000000
Finished simulation 731000/1000000
Finished simulation 732000/1000000
Finished simulation 733000/1000000
Finished simulation 734000/1000000
Finished simulation 735000/1000000
Finished simulation 736000/1000000
Finished simulation 737000/1000000
Finished simulation 738000/1000000
Finished simulation 739000/1000000
Finished simulation 740000/1000000
Finished simulation 741000/1000000
Finished simulation 742000/1000000
Finished simulation 743000/1000000
Finished simulation 744000/1000000
Finished simulation 745000/1000000
Finished simulation 746000/1000000
Finished simulation 747000/1000000
Finished simulation 748000/1000000
Finished simulation 749000/1000000
Finished simulation 750000/1000000
Finished simulation 751000/1000000
Finished simulation 752000/1000000
Finished simulation 753000/1000000
Finished simulation 754000/1000000
Finished simulation 755000/1000000
Finished simulation 756000/1000000
Finished simulation 757000/1000000
Finished simulation 758000/1000000
Finished simulation 759000/1000000
Finished simulation 760000/1000000
Finished simulation 761000/1000000
Finished simulation 762000/1000000
Finished simulation 763000/1000000
Finished simulation 764000/1000000
Finished simulation 765000/1000000
Finished simulation 766000/1000000
Finished simulation 767000/1000000
Finished simulation 768000/1000000
Finished simulation 769000/1000000
Finished simulation 770000/1000000
Finished simulation 771000/1000000
Finished simulation 772000/1000000
Finished simulation 773000/1000000
Finished simulation 774000/1000000
Finished simulation 775000/1000000
Finished simulation 776000/1000000
Finished simulation 777000/1000000
Finished simulation 778000/1000000
Finished simulation 779000/1000000
Finished simulation 780000/1000000
Finished simulation 781000/1000000
Finished simulation 782000/1000000
Finished simulation 783000/1000000
Finished simulation 784000/1000000
Finished simulation 785000/1000000
Finished simulation 786000/1000000
Finished simulation 787000/1000000
Finished simulation 788000/1000000
Finished simulation 789000/1000000
Finished simulation 790000/1000000
Finished simulation 791000/1000000
Finished simulation 792000/1000000
Finished simulation 793000/1000000
Finished simulation 794000/1000000
Finished simulation 795000/1000000
Finished simulation 796000/1000000
Finished simulation 797000/1000000
Finished simulation 798000/1000000
Finished simulation 799000/1000000
Finished simulation 800000/1000000
Finished simulation 801000/1000000
Finished simulation 802000/1000000
Finished simulation 803000/1000000
Finished simulation 804000/1000000
Finished simulation 805000/1000000
Finished simulation 806000/1000000
Finished simulation 807000/1000000
Finished simulation 808000/1000000
Finished simulation 809000/1000000
Finished simulation 810000/1000000
Finished simulation 811000/1000000
Finished simulation 812000/1000000
Finished simulation 813000/1000000
Finished simulation 814000/1000000
Finished simulation 815000/1000000
Finished simulation 816000/1000000
Finished simulation 817000/1000000
Finished simulation 818000/1000000
Finished simulation 819000/1000000
Finished simulation 820000/1000000
Finished simulation 821000/1000000
Finished simulation 822000/1000000
Finished simulation 823000/1000000
Finished simulation 824000/1000000
Finished simulation 825000/1000000
Finished simulation 826000/1000000
Finished simulation 827000/1000000
Finished simulation 828000/1000000
Finished simulation 829000/1000000
Finished simulation 830000/1000000
Finished simulation 831000/1000000
Finished simulation 832000/1000000
Finished simulation 833000/1000000
Finished simulation 834000/1000000
Finished simulation 835000/1000000
Finished simulation 836000/1000000
Finished simulation 837000/1000000
Finished simulation 838000/1000000
Finished simulation 839000/1000000
Finished simulation 840000/1000000
Finished simulation 841000/1000000
Finished simulation 842000/1000000
Finished simulation 843000/1000000
Finished simulation 844000/1000000
Finished simulation 845000/1000000
Finished simulation 846000/1000000
Finished simulation 847000/1000000
Finished simulation 848000/1000000
Finished simulation 849000/1000000
Finished simulation 850000/1000000
Finished simulation 851000/1000000
Finished simulation 852000/1000000
Finished simulation 853000/1000000
Finished simulation 854000/1000000
Finished simulation 855000/1000000
Finished simulation 856000/1000000
Finished simulation 857000/1000000
Finished simulation 858000/1000000
Finished simulation 859000/1000000
Finished simulation 860000/1000000
Finished simulation 861000/1000000
Finished simulation 862000/1000000
Finished simulation 863000/1000000
Finished simulation 864000/1000000
Finished simulation 865000/1000000
Finished simulation 866000/1000000
Finished simulation 867000/1000000
Finished simulation 868000/1000000
Finished simulation 869000/1000000
Finished simulation 870000/1000000
Finished simulation 871000/1000000
Finished simulation 872000/1000000
Finished simulation 873000/1000000
Finished simulation 874000/1000000
Finished simulation 875000/1000000
Finished simulation 876000/1000000
Finished simulation 877000/1000000
Finished simulation 878000/1000000
Finished simulation 879000/1000000
Finished simulation 880000/1000000
Finished simulation 881000/1000000
Finished simulation 882000/1000000
Finished simulation 883000/1000000
Finished simulation 884000/1000000
Finished simulation 885000/1000000
Finished simulation 886000/1000000
Finished simulation 887000/1000000
Finished simulation 888000/1000000
Finished simulation 889000/1000000
Finished simulation 890000/1000000
Finished simulation 891000/1000000
Finished simulation 892000/1000000
Finished simulation 893000/1000000
Finished simulation 894000/1000000
Finished simulation 895000/1000000
Finished simulation 896000/1000000
Finished simulation 897000/1000000
Finished simulation 898000/1000000
Finished simulation 899000/1000000
Finished simulation 900000/1000000
Finished simulation 901000/1000000
Finished simulation 902000/1000000
Finished simulation 903000/1000000
Finished simulation 904000/1000000
Finished simulation 905000/1000000
Finished simulation 906000/1000000
Finished simulation 907000/1000000
Finished simulation 908000/1000000
Finished simulation 909000/1000000
Finished simulation 910000/1000000
Finished simulation 911000/1000000
Finished simulation 912000/1000000
Finished simulation 913000/1000000
Finished simulation 914000/1000000
Finished simulation 915000/1000000
Finished simulation 916000/1000000
Finished simulation 917000/1000000
Finished simulation 918000/1000000
Finished simulation 919000/1000000
Finished simulation 920000/1000000
Finished simulation 921000/1000000
Finished simulation 922000/1000000
Finished simulation 923000/1000000
Finished simulation 924000/1000000
Finished simulation 925000/1000000
Finished simulation 926000/1000000
Finished simulation 927000/1000000
Finished simulation 928000/1000000
Finished simulation 929000/1000000
Finished simulation 930000/1000000
Finished simulation 931000/1000000
Finished simulation 932000/1000000
Finished simulation 933000/1000000
Finished simulation 934000/1000000
Finished simulation 935000/1000000
Finished simulation 936000/1000000
Finished simulation 937000/1000000
Finished simulation 938000/1000000
Finished simulation 939000/1000000
Finished simulation 940000/1000000
Finished simulation 941000/1000000
Finished simulation 942000/1000000
Finished simulation 943000/1000000
Finished simulation 944000/1000000
Finished simulation 945000/1000000
Finished simulation 946000/1000000
Finished simulation 947000/1000000
Finished simulation 948000/1000000
Finished simulation 949000/1000000
Finished simulation 950000/1000000
Finished simulation 951000/1000000
Finished simulation 952000/1000000
Finished simulation 953000/1000000
Finished simulation 954000/1000000
Finished simulation 955000/1000000
Finished simulation 956000/1000000
Finished simulation 957000/1000000
Finished simulation 958000/1000000
Finished simulation 959000/1000000
Finished simulation 960000/1000000
Finished simulation 961000/1000000
Finished simulation 962000/1000000
Finished simulation 963000/1000000
Finished simulation 964000/1000000
Finished simulation 965000/1000000
Finished simulation 966000/1000000
Finished simulation 967000/1000000
Finished simulation 968000/1000000
Finished simulation 969000/1000000
Finished simulation 970000/1000000
Finished simulation 971000/1000000
Finished simulation 972000/1000000
Finished simulation 973000/1000000
Finished simulation 974000/1000000
Finished simulation 975000/1000000
Finished simulation 976000/1000000
Finished simulation 977000/1000000
Finished simulation 978000/1000000
Finished simulation 979000/1000000
Finished simulation 980000/1000000
Finished simulation 981000/1000000
Finished simulation 982000/1000000
Finished simulation 983000/1000000
Finished simulation 984000/1000000
Finished simulation 985000/1000000
Finished simulation 986000/1000000
Finished simulation 987000/1000000
Finished simulation 988000/1000000
Finished simulation 989000/1000000
Finished simulation 990000/1000000
Finished simulation 991000/1000000
Finished simulation 992000/1000000
Finished simulation 993000/1000000
Finished simulation 994000/1000000
Finished simulation 995000/1000000
Finished simulation 996000/1000000
Finished simulation 997000/1000000
Finished simulation 998000/1000000
Finished simulation 999000/1000000
Finished simulation 1000000/1000000
20:41:01
